This is pdfTeX, Version 3.1415926-2.4-1.40.13 (MiKTeX 2.9 64-bit) (preloaded format=pdflatex 2014.8.27)  9 FEB 2015 10:44
entering extended mode
**salo.tex
(C:\Dropbox\Baylor\MachineLearning\ass1\latex\salo.tex
LaTeX2e <2011/06/27>
Babel <v3.8m> and hyphenation patterns for english, afrikaans, ancientgreek, ar
abic, armenian, assamese, basque, bengali, bokmal, bulgarian, catalan, coptic, 
croatian, czech, danish, dutch, esperanto, estonian, farsi, finnish, french, ga
lician, german, german-x-2012-05-30, greek, gujarati, hindi, hungarian, iceland
ic, indonesian, interlingua, irish, italian, kannada, kurmanji, latin, latvian,
 lithuanian, malayalam, marathi, mongolian, mongolianlmc, monogreek, ngerman, n
german-x-2012-05-30, nynorsk, oriya, panjabi, pinyin, polish, portuguese, roman
ian, russian, sanskrit, serbian, slovak, slovenian, spanish, swedish, swissgerm
an, tamil, telugu, turkish, turkmen, ukenglish, ukrainian, uppersorbian, usengl
ishmax, welsh, loaded.
("C:\Program Files\MiKTeX 2.9\tex\latex\base\article.cls"
Document Class: article 2007/10/19 v1.4h Standard LaTeX document class
("C:\Program Files\MiKTeX 2.9\tex\latex\base\size10.clo"
File: size10.clo 2007/10/19 v1.4h Standard LaTeX file (size option)
)
\c@part=\count79
\c@section=\count80
\c@subsection=\count81
\c@subsubsection=\count82
\c@paragraph=\count83
\c@subparagraph=\count84
\c@figure=\count85
\c@table=\count86
\abovecaptionskip=\skip41
\belowcaptionskip=\skip42
\bibindent=\dimen102
)
("C:\Program Files\MiKTeX 2.9\tex\latex\preprint\fullpage.sty"
Package: fullpage 1999/02/23 1.1 (PWD)
\FP@margin=\skip43
)
("C:\Program Files\MiKTeX 2.9\tex\latex\ltxmisc\url.sty"
\Urlmuskip=\muskip10
Package: url 2006/04/12  ver 3.3  Verb mode for urls, etc.
)
("C:\Program Files\MiKTeX 2.9\tex\latex\hyperref\hyperref.sty"
Package: hyperref 2012/11/06 v6.83m Hypertext links for LaTeX

("C:\Program Files\MiKTeX 2.9\tex\generic\oberdiek\hobsub-hyperref.sty"
Package: hobsub-hyperref 2012/04/25 v1.12 Bundle oberdiek, subset hyperref (HO)


("C:\Program Files\MiKTeX 2.9\tex\generic\oberdiek\hobsub-generic.sty"
Package: hobsub-generic 2012/04/25 v1.12 Bundle oberdiek, subset generic (HO)
Package: hobsub 2012/04/25 v1.12 Construct package bundles (HO)
Package: infwarerr 2010/04/08 v1.3 Providing info/warning/error messages (HO)
Package: ltxcmds 2011/11/09 v1.22 LaTeX kernel commands for general use (HO)
Package: ifluatex 2010/03/01 v1.3 Provides the ifluatex switch (HO)
Package ifluatex Info: LuaTeX not detected.
Package: ifvtex 2010/03/01 v1.5 Detect VTeX and its facilities (HO)
Package ifvtex Info: VTeX not detected.
Package: intcalc 2007/09/27 v1.1 Expandable calculations with integers (HO)
Package: ifpdf 2011/01/30 v2.3 Provides the ifpdf switch (HO)
Package ifpdf Info: pdfTeX in PDF mode is detected.
Package: etexcmds 2011/02/16 v1.5 Avoid name clashes with e-TeX commands (HO)
Package etexcmds Info: Could not find \expanded.
(etexcmds)             That can mean that you are not using pdfTeX 1.50 or
(etexcmds)             that some package has redefined \expanded.
(etexcmds)             In the latter case, load this package earlier.
Package: kvsetkeys 2012/04/25 v1.16 Key value parser (HO)
Package: kvdefinekeys 2011/04/07 v1.3 Define keys (HO)
Package: pdftexcmds 2011/11/29 v0.20 Utility functions of pdfTeX for LuaTeX (HO
)
Package pdftexcmds Info: LuaTeX not detected.
Package pdftexcmds Info: \pdf@primitive is available.
Package pdftexcmds Info: \pdf@ifprimitive is available.
Package pdftexcmds Info: \pdfdraftmode found.
Package: pdfescape 2011/11/25 v1.13 Implements pdfTeX's escape features (HO)
Package: bigintcalc 2012/04/08 v1.3 Expandable calculations on big integers (HO
)
Package: bitset 2011/01/30 v1.1 Handle bit-vector datatype (HO)
Package: uniquecounter 2011/01/30 v1.2 Provide unlimited unique counter (HO)
)
Package hobsub Info: Skipping package `hobsub' (already loaded).
Package: letltxmacro 2010/09/02 v1.4 Let assignment for LaTeX macros (HO)
Package: hopatch 2011/06/24 v1.1 Wrapper for package hooks (HO)
Package: xcolor-patch 2011/01/30 xcolor patch
Package: atveryend 2011/06/30 v1.8 Hooks at the very end of document (HO)
Package atveryend Info: \enddocument detected (standard20110627).
Package: atbegshi 2011/10/05 v1.16 At begin shipout hook (HO)
Package: refcount 2011/10/16 v3.4 Data extraction from label references (HO)
Package: hycolor 2011/01/30 v1.7 Color options for hyperref/bookmark (HO)
)
("C:\Program Files\MiKTeX 2.9\tex\latex\graphics\keyval.sty"
Package: keyval 1999/03/16 v1.13 key=value parser (DPC)
\KV@toks@=\toks14
)
("C:\Program Files\MiKTeX 2.9\tex\generic\ifxetex\ifxetex.sty"
Package: ifxetex 2010/09/12 v0.6 Provides ifxetex conditional
)
("C:\Program Files\MiKTeX 2.9\tex\latex\oberdiek\auxhook.sty"
Package: auxhook 2011/03/04 v1.3 Hooks for auxiliary files (HO)
)
("C:\Program Files\MiKTeX 2.9\tex\latex\oberdiek\kvoptions.sty"
Package: kvoptions 2011/06/30 v3.11 Key value format for package options (HO)
)
\@linkdim=\dimen103
\Hy@linkcounter=\count87
\Hy@pagecounter=\count88

("C:\Program Files\MiKTeX 2.9\tex\latex\hyperref\pd1enc.def"
File: pd1enc.def 2012/11/06 v6.83m Hyperref: PDFDocEncoding definition (HO)
)
\Hy@SavedSpaceFactor=\count89

("C:\Program Files\MiKTeX 2.9\tex\latex\00miktex\hyperref.cfg"
File: hyperref.cfg 2002/06/06 v1.2 hyperref configuration of TeXLive
)
Package hyperref Info: Hyper figures OFF on input line 4443.
Package hyperref Info: Link nesting OFF on input line 4448.
Package hyperref Info: Hyper index ON on input line 4451.
Package hyperref Info: Plain pages OFF on input line 4458.
Package hyperref Info: Backreferencing OFF on input line 4463.
Package hyperref Info: Implicit mode ON; LaTeX internals redefined.
Package hyperref Info: Bookmarks ON on input line 4688.
\c@Hy@tempcnt=\count90
LaTeX Info: Redefining \url on input line 5041.
\XeTeXLinkMargin=\dimen104
\Fld@menulength=\count91
\Field@Width=\dimen105
\Fld@charsize=\dimen106
Package hyperref Info: Hyper figures OFF on input line 6295.
Package hyperref Info: Link nesting OFF on input line 6300.
Package hyperref Info: Hyper index ON on input line 6303.
Package hyperref Info: backreferencing OFF on input line 6310.
Package hyperref Info: Link coloring OFF on input line 6315.
Package hyperref Info: Link coloring with OCG OFF on input line 6320.
Package hyperref Info: PDF/A mode OFF on input line 6325.
LaTeX Info: Redefining \ref on input line 6365.
LaTeX Info: Redefining \pageref on input line 6369.
\Hy@abspage=\count92
\c@Item=\count93
\c@Hfootnote=\count94
)

Package hyperref Message: Driver (autodetected): hpdftex.

("C:\Program Files\MiKTeX 2.9\tex\latex\hyperref\hpdftex.def"
File: hpdftex.def 2012/11/06 v6.83m Hyperref driver for pdfTeX
\Fld@listcount=\count95
\c@bookmark@seq@number=\count96

("C:\Program Files\MiKTeX 2.9\tex\latex\oberdiek\rerunfilecheck.sty"
Package: rerunfilecheck 2011/04/15 v1.7 Rerun checks for auxiliary files (HO)
Package uniquecounter Info: New unique counter `rerunfilecheck' on input line 2
82.
)
\Hy@SectionHShift=\skip44
)
("C:\Program Files\MiKTeX 2.9\tex\latex\amsfonts\amssymb.sty"
Package: amssymb 2013/01/14 v3.01 AMS font symbols

("C:\Program Files\MiKTeX 2.9\tex\latex\amsfonts\amsfonts.sty"
Package: amsfonts 2013/01/14 v3.01 Basic AMSFonts support
\@emptytoks=\toks15
\symAMSa=\mathgroup4
\symAMSb=\mathgroup5
LaTeX Font Info:    Overwriting math alphabet `\mathfrak' in version `bold'
(Font)                  U/euf/m/n --> U/euf/b/n on input line 106.
))
("C:\Program Files\MiKTeX 2.9\tex\latex\amsmath\amsmath.sty"
Package: amsmath 2013/01/14 v2.14 AMS math features
\@mathmargin=\skip45

For additional information on amsmath, use the `?' option.
("C:\Program Files\MiKTeX 2.9\tex\latex\amsmath\amstext.sty"
Package: amstext 2000/06/29 v2.01

("C:\Program Files\MiKTeX 2.9\tex\latex\amsmath\amsgen.sty"
File: amsgen.sty 1999/11/30 v2.0
\@emptytoks=\toks16
\ex@=\dimen107
))
("C:\Program Files\MiKTeX 2.9\tex\latex\amsmath\amsbsy.sty"
Package: amsbsy 1999/11/29 v1.2d
\pmbraise@=\dimen108
)
("C:\Program Files\MiKTeX 2.9\tex\latex\amsmath\amsopn.sty"
Package: amsopn 1999/12/14 v2.01 operator names
)
\inf@bad=\count97
LaTeX Info: Redefining \frac on input line 210.
\uproot@=\count98
\leftroot@=\count99
LaTeX Info: Redefining \overline on input line 306.
\classnum@=\count100
\DOTSCASE@=\count101
LaTeX Info: Redefining \ldots on input line 378.
LaTeX Info: Redefining \dots on input line 381.
LaTeX Info: Redefining \cdots on input line 466.
\Mathstrutbox@=\box26
\strutbox@=\box27
\big@size=\dimen109
LaTeX Font Info:    Redeclaring font encoding OML on input line 566.
LaTeX Font Info:    Redeclaring font encoding OMS on input line 567.
\macc@depth=\count102
\c@MaxMatrixCols=\count103
\dotsspace@=\muskip11
\c@parentequation=\count104
\dspbrk@lvl=\count105
\tag@help=\toks17
\row@=\count106
\column@=\count107
\maxfields@=\count108
\andhelp@=\toks18
\eqnshift@=\dimen110
\alignsep@=\dimen111
\tagshift@=\dimen112
\tagwidth@=\dimen113
\totwidth@=\dimen114
\lineht@=\dimen115
\@envbody=\toks19
\multlinegap=\skip46
\multlinetaggap=\skip47
\mathdisplay@stack=\toks20
LaTeX Info: Redefining \[ on input line 2665.
LaTeX Info: Redefining \] on input line 2666.
)
("C:\Program Files\MiKTeX 2.9\tex\latex\graphics\graphicx.sty"
Package: graphicx 1999/02/16 v1.0f Enhanced LaTeX Graphics (DPC,SPQR)

("C:\Program Files\MiKTeX 2.9\tex\latex\graphics\graphics.sty"
Package: graphics 2009/02/05 v1.0o Standard LaTeX Graphics (DPC,SPQR)

("C:\Program Files\MiKTeX 2.9\tex\latex\graphics\trig.sty"
Package: trig 1999/03/16 v1.09 sin cos tan (DPC)
)
("C:\Program Files\MiKTeX 2.9\tex\latex\00miktex\graphics.cfg"
File: graphics.cfg 2007/01/18 v1.5 graphics configuration of teTeX/TeXLive
)
Package graphics Info: Driver file: pdftex.def on input line 91.

("C:\Program Files\MiKTeX 2.9\tex\latex\pdftex-def\pdftex.def"
File: pdftex.def 2011/05/27 v0.06d Graphics/color for pdfTeX
\Gread@gobject=\count109
))
\Gin@req@height=\dimen116
\Gin@req@width=\dimen117
)
("C:\Program Files\MiKTeX 2.9\tex\latex\oberdiek\epstopdf.sty"
Package: epstopdf 2010/02/09 v2.5 Conversion with epstopdf on the fly (HO)

("C:\Program Files\MiKTeX 2.9\tex\latex\oberdiek\epstopdf-base.sty"
Package: epstopdf-base 2010/02/09 v2.5 Base part for package epstopdf

("C:\Program Files\MiKTeX 2.9\tex\latex\oberdiek\grfext.sty"
Package: grfext 2010/08/19 v1.1 Manage graphics extensions (HO)
)
Package grfext Info: Graphics extension search list:
(grfext)             [.png,.pdf,.jpg,.mps,.jpeg,.jbig2,.jb2,.PNG,.PDF,.JPG,.JPE
G,.JBIG2,.JB2,.eps]
(grfext)             \AppendGraphicsExtensions on input line 452.
))
("C:\Program Files\MiKTeX 2.9\tex\latex\graphics\epsfig.sty"
Package: epsfig 1999/02/16 v1.7a (e)psfig emulation (SPQR)
\epsfxsize=\dimen118
\epsfysize=\dimen119
)
("C:\Program Files\MiKTeX 2.9\tex\latex\caption\caption.sty"
Package: caption 2013/05/02 v3.3-89 Customizing captions (AR)

("C:\Program Files\MiKTeX 2.9\tex\latex\caption\caption3.sty"
Package: caption3 2013/05/02 v1.6-88 caption3 kernel (AR)
Package caption3 Info: TeX engine: e-TeX on input line 57.
\captionmargin=\dimen120
\captionmargin@=\dimen121
\captionwidth=\dimen122
\caption@tempdima=\dimen123
\caption@indent=\dimen124
\caption@parindent=\dimen125
\caption@hangindent=\dimen126
)
\c@ContinuedFloat=\count110
Package caption Info: hyperref package is loaded.
)
("C:\Program Files\MiKTeX 2.9\tex\latex\caption\subcaption.sty"
Package: subcaption 2013/02/03 v1.1-62 Sub-captions (AR)
\c@subfigure=\count111
\c@subtable=\count112
)
(C:\Dropbox\Baylor\MachineLearning\ass1\latex\mcode.sty
-- Package: `mcode' 2.5 <2014/03/06> --
Package: mcode 2014/03/06 2.5
 - settings optimized for display (colour formating)
("C:\Program Files\MiKTeX 2.9\tex\latex\xcolor\xcolor.sty"
Package: xcolor 2007/01/21 v2.11 LaTeX color extensions (UK)

("C:\Program Files\MiKTeX 2.9\tex\latex\00miktex\color.cfg"
File: color.cfg 2007/01/18 v1.5 color configuration of teTeX/TeXLive
)
Package xcolor Info: Driver file: pdftex.def on input line 225.
Package xcolor Info: Model `cmy' substituted by `cmy0' on input line 1337.
Package xcolor Info: Model `hsb' substituted by `rgb' on input line 1341.
Package xcolor Info: Model `RGB' extended on input line 1353.
Package xcolor Info: Model `HTML' substituted by `rgb' on input line 1355.
Package xcolor Info: Model `Hsb' substituted by `hsb' on input line 1356.
Package xcolor Info: Model `tHsb' substituted by `hsb' on input line 1357.
Package xcolor Info: Model `HSB' substituted by `hsb' on input line 1358.
Package xcolor Info: Model `Gray' substituted by `gray' on input line 1359.
Package xcolor Info: Model `wave' substituted by `hsb' on input line 1360.
)
("C:\Program Files\MiKTeX 2.9\tex\latex\listings\listings.sty"
\lst@mode=\count113
\lst@gtempboxa=\box28
\lst@token=\toks21
\lst@length=\count114
\lst@currlwidth=\dimen127
\lst@column=\count115
\lst@pos=\count116
\lst@lostspace=\dimen128
\lst@width=\dimen129
\lst@newlines=\count117
\lst@lineno=\count118
\lst@maxwidth=\dimen130

("C:\Program Files\MiKTeX 2.9\tex\latex\listings\lstmisc.sty"
File: lstmisc.sty 2007/02/22 1.4 (Carsten Heinz)
\c@lstnumber=\count119
\lst@skipnumbers=\count120
\lst@framebox=\box29
)
("C:\Program Files\MiKTeX 2.9\tex\latex\listings\listings.cfg"
File: listings.cfg 2007/02/22 1.4 listings configuration
))
Package: listings 2007/02/22 1.4 (Carsten Heinz)

("C:\Program Files\MiKTeX 2.9\tex\latex\base\textcomp.sty"
Package: textcomp 2005/09/27 v1.99g Standard LaTeX package
Package textcomp Info: Sub-encoding information:
(textcomp)               5 = only ISO-Adobe without \textcurrency
(textcomp)               4 = 5 + \texteuro
(textcomp)               3 = 4 + \textohm
(textcomp)               2 = 3 + \textestimated + \textcurrency
(textcomp)               1 = TS1 - \textcircled - \t
(textcomp)               0 = TS1 (full)
(textcomp)             Font families with sub-encoding setting implement
(textcomp)             only a restricted character set as indicated.
(textcomp)             Family '?' is the default used for unknown fonts.
(textcomp)             See the documentation for details.
Package textcomp Info: Setting ? sub-encoding to TS1/1 on input line 71.

("C:\Program Files\MiKTeX 2.9\tex\latex\base\ts1enc.def"
File: ts1enc.def 2001/06/05 v3.0e (jk/car/fm) Standard LaTeX file
)
LaTeX Info: Redefining \oldstylenums on input line 266.
Package textcomp Info: Setting cmr sub-encoding to TS1/0 on input line 281.
Package textcomp Info: Setting cmss sub-encoding to TS1/0 on input line 282.
Package textcomp Info: Setting cmtt sub-encoding to TS1/0 on input line 283.
Package textcomp Info: Setting cmvtt sub-encoding to TS1/0 on input line 284.
Package textcomp Info: Setting cmbr sub-encoding to TS1/0 on input line 285.
Package textcomp Info: Setting cmtl sub-encoding to TS1/0 on input line 286.
Package textcomp Info: Setting ccr sub-encoding to TS1/0 on input line 287.
Package textcomp Info: Setting ptm sub-encoding to TS1/4 on input line 288.
Package textcomp Info: Setting pcr sub-encoding to TS1/4 on input line 289.
Package textcomp Info: Setting phv sub-encoding to TS1/4 on input line 290.
Package textcomp Info: Setting ppl sub-encoding to TS1/3 on input line 291.
Package textcomp Info: Setting pag sub-encoding to TS1/4 on input line 292.
Package textcomp Info: Setting pbk sub-encoding to TS1/4 on input line 293.
Package textcomp Info: Setting pnc sub-encoding to TS1/4 on input line 294.
Package textcomp Info: Setting pzc sub-encoding to TS1/4 on input line 295.
Package textcomp Info: Setting bch sub-encoding to TS1/4 on input line 296.
Package textcomp Info: Setting put sub-encoding to TS1/5 on input line 297.
Package textcomp Info: Setting uag sub-encoding to TS1/5 on input line 298.
Package textcomp Info: Setting ugq sub-encoding to TS1/5 on input line 299.
Package textcomp Info: Setting ul8 sub-encoding to TS1/4 on input line 300.
Package textcomp Info: Setting ul9 sub-encoding to TS1/4 on input line 301.
Package textcomp Info: Setting augie sub-encoding to TS1/5 on input line 302.
Package textcomp Info: Setting dayrom sub-encoding to TS1/3 on input line 303.
Package textcomp Info: Setting dayroms sub-encoding to TS1/3 on input line 304.

Package textcomp Info: Setting pxr sub-encoding to TS1/0 on input line 305.
Package textcomp Info: Setting pxss sub-encoding to TS1/0 on input line 306.
Package textcomp Info: Setting pxtt sub-encoding to TS1/0 on input line 307.
Package textcomp Info: Setting txr sub-encoding to TS1/0 on input line 308.
Package textcomp Info: Setting txss sub-encoding to TS1/0 on input line 309.
Package textcomp Info: Setting txtt sub-encoding to TS1/0 on input line 310.
Package textcomp Info: Setting lmr sub-encoding to TS1/0 on input line 311.
Package textcomp Info: Setting lmdh sub-encoding to TS1/0 on input line 312.
Package textcomp Info: Setting lmss sub-encoding to TS1/0 on input line 313.
Package textcomp Info: Setting lmssq sub-encoding to TS1/0 on input line 314.
Package textcomp Info: Setting lmvtt sub-encoding to TS1/0 on input line 315.
Package textcomp Info: Setting qhv sub-encoding to TS1/0 on input line 316.
Package textcomp Info: Setting qag sub-encoding to TS1/0 on input line 317.
Package textcomp Info: Setting qbk sub-encoding to TS1/0 on input line 318.
Package textcomp Info: Setting qcr sub-encoding to TS1/0 on input line 319.
Package textcomp Info: Setting qcs sub-encoding to TS1/0 on input line 320.
Package textcomp Info: Setting qpl sub-encoding to TS1/0 on input line 321.
Package textcomp Info: Setting qtm sub-encoding to TS1/0 on input line 322.
Package textcomp Info: Setting qzc sub-encoding to TS1/0 on input line 323.
Package textcomp Info: Setting qhvc sub-encoding to TS1/0 on input line 324.
Package textcomp Info: Setting futs sub-encoding to TS1/4 on input line 325.
Package textcomp Info: Setting futx sub-encoding to TS1/4 on input line 326.
Package textcomp Info: Setting futj sub-encoding to TS1/4 on input line 327.
Package textcomp Info: Setting hlh sub-encoding to TS1/3 on input line 328.
Package textcomp Info: Setting hls sub-encoding to TS1/3 on input line 329.
Package textcomp Info: Setting hlst sub-encoding to TS1/3 on input line 330.
Package textcomp Info: Setting hlct sub-encoding to TS1/5 on input line 331.
Package textcomp Info: Setting hlx sub-encoding to TS1/5 on input line 332.
Package textcomp Info: Setting hlce sub-encoding to TS1/5 on input line 333.
Package textcomp Info: Setting hlcn sub-encoding to TS1/5 on input line 334.
Package textcomp Info: Setting hlcw sub-encoding to TS1/5 on input line 335.
Package textcomp Info: Setting hlcf sub-encoding to TS1/5 on input line 336.
Package textcomp Info: Setting pplx sub-encoding to TS1/3 on input line 337.
Package textcomp Info: Setting pplj sub-encoding to TS1/3 on input line 338.
Package textcomp Info: Setting ptmx sub-encoding to TS1/4 on input line 339.
Package textcomp Info: Setting ptmj sub-encoding to TS1/4 on input line 340.
))
(C:\Dropbox\Baylor\MachineLearning\ass1\latex\salo.aux

LaTeX Warning: Label `fig:sub1' multiply defined.


LaTeX Warning: Label `fig:sub1' multiply defined.


LaTeX Warning: Label `fig:sub1' multiply defined.


LaTeX Warning: Label `fig:sub1' multiply defined.


LaTeX Warning: Label `fig:sub1' multiply defined.


LaTeX Warning: Label `sub@fig:sub1' multiply defined.


LaTeX Warning: Label `fig:sub2' multiply defined.


LaTeX Warning: Label `sub@fig:sub2' multiply defined.


LaTeX Warning: Label `fig:sub2' multiply defined.


LaTeX Warning: Label `sub@fig:sub2' multiply defined.


LaTeX Warning: Label `fig:sub1' multiply defined.


LaTeX Warning: Label `sub@fig:sub1' multiply defined.


LaTeX Warning: Label `fig:sub1' multiply defined.


LaTeX Warning: Label `sub@fig:sub1' multiply defined.


LaTeX Warning: Label `fig:sub2' multiply defined.


LaTeX Warning: Label `sub@fig:sub2' multiply defined.


LaTeX Warning: Label `fig:sub1' multiply defined.


LaTeX Warning: Label `sub@fig:sub1' multiply defined.


LaTeX Warning: Label `fig:sub2' multiply defined.


LaTeX Warning: Label `sub@fig:sub2' multiply defined.


LaTeX Warning: Label `fig:sub1' multiply defined.


LaTeX Warning: Label `sub@fig:sub1' multiply defined.

)
LaTeX Font Info:    Checking defaults for OML/cmm/m/it on input line 40.
LaTeX Font Info:    ... okay on input line 40.
LaTeX Font Info:    Checking defaults for T1/cmr/m/n on input line 40.
LaTeX Font Info:    ... okay on input line 40.
LaTeX Font Info:    Checking defaults for OT1/cmr/m/n on input line 40.
LaTeX Font Info:    ... okay on input line 40.
LaTeX Font Info:    Checking defaults for OMS/cmsy/m/n on input line 40.
LaTeX Font Info:    ... okay on input line 40.
LaTeX Font Info:    Checking defaults for OMX/cmex/m/n on input line 40.
LaTeX Font Info:    ... okay on input line 40.
LaTeX Font Info:    Checking defaults for U/cmr/m/n on input line 40.
LaTeX Font Info:    ... okay on input line 40.
LaTeX Font Info:    Checking defaults for PD1/pdf/m/n on input line 40.
LaTeX Font Info:    ... okay on input line 40.
LaTeX Font Info:    Checking defaults for TS1/cmr/m/n on input line 40.
LaTeX Font Info:    Try loading font information for TS1+cmr on input line 40.
 ("C:\Program Files\MiKTeX 2.9\tex\latex\base\ts1cmr.fd"
File: ts1cmr.fd 1999/05/25 v2.5h Standard LaTeX font definitions
)
LaTeX Font Info:    ... okay on input line 40.
\AtBeginShipoutBox=\box30
Package hyperref Info: Link coloring OFF on input line 40.

("C:\Program Files\MiKTeX 2.9\tex\latex\hyperref\nameref.sty"
Package: nameref 2012/10/27 v2.43 Cross-referencing by name of section

("C:\Program Files\MiKTeX 2.9\tex\generic\oberdiek\gettitlestring.sty"
Package: gettitlestring 2010/12/03 v1.4 Cleanup title references (HO)
)
\c@section@level=\count121
)
LaTeX Info: Redefining \ref on input line 40.
LaTeX Info: Redefining \pageref on input line 40.
LaTeX Info: Redefining \nameref on input line 40.

(C:\Dropbox\Baylor\MachineLearning\ass1\latex\salo.out)
(C:\Dropbox\Baylor\MachineLearning\ass1\latex\salo.out)
\@outlinefile=\write3

("C:\Program Files\MiKTeX 2.9\tex\context\base\supp-pdf.mkii"
[Loading MPS to PDF converter (version 2006.09.02).]
\scratchcounter=\count122
\scratchdimen=\dimen131
\scratchbox=\box31
\nofMPsegments=\count123
\nofMParguments=\count124
\everyMPshowfont=\toks22
\MPscratchCnt=\count125
\MPscratchDim=\dimen132
\MPnumerator=\count126
\makeMPintoPDFobject=\count127
\everyMPtoPDFconversion=\toks23
)
Package caption Info: Begin \AtBeginDocument code.
Package caption Info: listings package is loaded.
Package caption Info: End \AtBeginDocument code.
\c@lstlisting=\count128
LaTeX Font Info:    Try loading font information for U+msa on input line 42.
 ("C:\Program Files\MiKTeX 2.9\tex\latex\amsfonts\umsa.fd"
File: umsa.fd 2013/01/14 v3.01 AMS symbols A
)
LaTeX Font Info:    Try loading font information for U+msb on input line 42.

("C:\Program Files\MiKTeX 2.9\tex\latex\amsfonts\umsb.fd"
File: umsb.fd 2013/01/14 v3.01 AMS symbols B
)
Package epstopdf Info: Source file: <MLE.eps>
(epstopdf)                    date: 2015-01-22 16:44:35
(epstopdf)                    size: 15443 bytes
(epstopdf)             Output file: <MLE-eps-converted-to.pdf>
(epstopdf)                    date: 2015-01-22 16:54:52
(epstopdf)                    size: 5843 bytes
(epstopdf)             Command: <epstopdf --outfile=MLE-eps-converted-to.pdf ML
E.eps>
(epstopdf)             \includegraphics on input line 79.
Package epstopdf Info: Output file is already uptodate.

<MLE-eps-converted-to.pdf, id=39, 589.20125pt x 485.815pt>
File: MLE-eps-converted-to.pdf Graphic file (type pdf)

<use MLE-eps-converted-to.pdf>
Package pdftex.def Info: MLE-eps-converted-to.pdf used on input line 79.
(pdftex.def)             Requested size: 433.62pt x 357.54045pt.
 [1

{C:/ProgramData/MiKTeX/2.9/pdftex/config/pdftex.map}]
Package epstopdf Info: Source file: <LWR-0-4.eps>
(epstopdf)                    date: 2015-01-23 11:10:25
(epstopdf)                    size: 36368 bytes
(epstopdf)             Output file: <LWR-0-4-eps-converted-to.pdf>
(epstopdf)                    date: 2015-01-23 11:21:37
(epstopdf)                    size: 13339 bytes
(epstopdf)             Command: <epstopdf --outfile=LWR-0-4-eps-converted-to.pd
f LWR-0-4.eps>
(epstopdf)             \includegraphics on input line 98.
Package epstopdf Info: Output file is already uptodate.
 <LWR-0-4-eps-converted-to.pdf, id=58, 378.41376pt x 255.95625pt>
File: LWR-0-4-eps-converted-to.pdf Graphic file (type pdf)

<use LWR-0-4-eps-converted-to.pdf>
Package pdftex.def Info: LWR-0-4-eps-converted-to.pdf used on input line 98.
(pdftex.def)             Requested size: 211.3883pt x 142.983pt.
Package epstopdf Info: Source file: <LWR-0-6.eps>
(epstopdf)                    date: 2015-01-23 11:10:09
(epstopdf)                    size: 36402 bytes
(epstopdf)             Output file: <LWR-0-6-eps-converted-to.pdf>
(epstopdf)                    date: 2015-01-23 11:24:47
(epstopdf)                    size: 13359 bytes
(epstopdf)             Command: <epstopdf --outfile=LWR-0-6-eps-converted-to.pd
f LWR-0-6.eps>
(epstopdf)             \includegraphics on input line 104.
Package epstopdf Info: Output file is already uptodate.

<LWR-0-6-eps-converted-to.pdf, id=59, 378.41376pt x 255.95625pt>
File: LWR-0-6-eps-converted-to.pdf Graphic file (type pdf)

<use LWR-0-6-eps-converted-to.pdf>
Package pdftex.def Info: LWR-0-6-eps-converted-to.pdf used on input line 104.
(pdftex.def)             Requested size: 211.3883pt x 142.983pt.
Package epstopdf Info: Source file: <LWR-0-8.eps>
(epstopdf)                    date: 2015-01-23 11:09:33
(epstopdf)                    size: 36436 bytes
(epstopdf)             Output file: <LWR-0-8-eps-converted-to.pdf>
(epstopdf)                    date: 2015-01-23 11:25:10
(epstopdf)                    size: 13303 bytes
(epstopdf)             Command: <epstopdf --outfile=LWR-0-8-eps-converted-to.pd
f LWR-0-8.eps>
(epstopdf)             \includegraphics on input line 113.
Package epstopdf Info: Output file is already uptodate.

<LWR-0-8-eps-converted-to.pdf, id=60, 378.41376pt x 255.95625pt>
File: LWR-0-8-eps-converted-to.pdf Graphic file (type pdf)

<use LWR-0-8-eps-converted-to.pdf>
Package pdftex.def Info: LWR-0-8-eps-converted-to.pdf used on input line 113.
(pdftex.def)             Requested size: 211.3883pt x 142.983pt.
Package epstopdf Info: Source file: <LWR-1-5.eps>
(epstopdf)                    date: 2015-01-23 11:09:11
(epstopdf)                    size: 36450 bytes
(epstopdf)             Output file: <LWR-1-5-eps-converted-to.pdf>
(epstopdf)                    date: 2015-01-23 11:25:12
(epstopdf)                    size: 13361 bytes
(epstopdf)             Command: <epstopdf --outfile=LWR-1-5-eps-converted-to.pd
f LWR-1-5.eps>
(epstopdf)             \includegraphics on input line 119.
Package epstopdf Info: Output file is already uptodate.

<LWR-1-5-eps-converted-to.pdf, id=61, 378.41376pt x 255.95625pt>
File: LWR-1-5-eps-converted-to.pdf Graphic file (type pdf)

<use LWR-1-5-eps-converted-to.pdf>
Package pdftex.def Info: LWR-1-5-eps-converted-to.pdf used on input line 119.
(pdftex.def)             Requested size: 211.3883pt x 142.983pt.
Package epstopdf Info: Source file: <LWR-20.eps>
(epstopdf)                    date: 2015-01-23 11:26:04
(epstopdf)                    size: 36474 bytes
(epstopdf)             Output file: <LWR-20-eps-converted-to.pdf>
(epstopdf)                    date: 2015-01-23 11:27:21
(epstopdf)                    size: 13408 bytes
(epstopdf)             Command: <epstopdf --outfile=LWR-20-eps-converted-to.pdf
 LWR-20.eps>
(epstopdf)             \includegraphics on input line 128.
Package epstopdf Info: Output file is already uptodate.

<LWR-20-eps-converted-to.pdf, id=62, 420.57124pt x 316.18124pt>
File: LWR-20-eps-converted-to.pdf Graphic file (type pdf)

<use LWR-20-eps-converted-to.pdf>
Package pdftex.def Info: LWR-20-eps-converted-to.pdf used on input line 128.
(pdftex.def)             Requested size: 211.3883pt x 158.92004pt.
Package epstopdf Info: Source file: <LWR-100.eps>
(epstopdf)                    date: 2015-01-23 11:26:35
(epstopdf)                    size: 36314 bytes
(epstopdf)             Output file: <LWR-100-eps-converted-to.pdf>
(epstopdf)                    date: 2015-01-23 11:27:29
(epstopdf)                    size: 13173 bytes
(epstopdf)             Command: <epstopdf --outfile=LWR-100-eps-converted-to.pd
f LWR-100.eps>
(epstopdf)             \includegraphics on input line 134.
Package epstopdf Info: Output file is already uptodate.

<LWR-100-eps-converted-to.pdf, id=63, 420.57124pt x 316.18124pt>
File: LWR-100-eps-converted-to.pdf Graphic file (type pdf)

<use LWR-100-eps-converted-to.pdf>
Package pdftex.def Info: LWR-100-eps-converted-to.pdf used on input line 134.
(pdftex.def)             Requested size: 211.3883pt x 158.92004pt.
 [2 <C:/Dropbox/Baylor/MachineLearning/ass1/latex/MLE-eps-converted-to.pdf>] [3
 <C:/Dropbox/Baylor/MachineLearning/ass1/latex/LWR-0-4-eps-converted-to.pdf> <C
:/Dropbox/Baylor/MachineLearning/ass1/latex/LWR-0-6-eps-converted-to.pdf> <C:/D
ropbox/Baylor/MachineLearning/ass1/latex/LWR-0-8-eps-converted-to.pdf> <C:/Drop
box/Baylor/MachineLearning/ass1/latex/LWR-1-5-eps-converted-to.pdf> <C:/Dropbox
/Baylor/MachineLearning/ass1/latex/LWR-20-eps-converted-to.pdf> <C:/Dropbox/Bay
lor/MachineLearning/ass1/latex/LWR-100-eps-converted-to.pdf>]
Package epstopdf Info: Source file: <lr_provided_start_001.eps>
(epstopdf)                    date: 2015-02-01 14:04:51
(epstopdf)                    size: 106049 bytes
(epstopdf)             Output file: <lr_provided_start_001-eps-converted-to.pdf
>
(epstopdf)                    date: 2015-02-01 14:04:54
(epstopdf)                    size: 20859 bytes
(epstopdf)             Command: <epstopdf --outfile=lr_provided_start_001-eps-c
onverted-to.pdf lr_provided_start_001.eps>
(epstopdf)             \includegraphics on input line 152.
Package epstopdf Info: Output file is already uptodate.

<lr_provided_start_001-eps-converted-to.pdf, id=107, 877.2775pt x 665.48625pt>
File: lr_provided_start_001-eps-converted-to.pdf Graphic file (type pdf)

<use lr_provided_start_001-eps-converted-to.pdf>
Package pdftex.def Info: lr_provided_start_001-eps-converted-to.pdf used on inp
ut line 152.
(pdftex.def)             Requested size: 211.3883pt x 160.34953pt.
Package epstopdf Info: Source file: <lr_provided_start_01.eps>
(epstopdf)                    date: 2015-02-01 13:55:36
(epstopdf)                    size: 106770 bytes
(epstopdf)             Output file: <lr_provided_start_01-eps-converted-to.pdf>

(epstopdf)                    date: 2015-02-01 14:02:39
(epstopdf)                    size: 21944 bytes
(epstopdf)             Command: <epstopdf --outfile=lr_provided_start_01-eps-co
nverted-to.pdf lr_provided_start_01.eps>
(epstopdf)             \includegraphics on input line 158.
Package epstopdf Info: Output file is already uptodate.

<lr_provided_start_01-eps-converted-to.pdf, id=108, 877.2775pt x 665.48625pt>
File: lr_provided_start_01-eps-converted-to.pdf Graphic file (type pdf)

<use lr_provided_start_01-eps-converted-to.pdf>
Package pdftex.def Info: lr_provided_start_01-eps-converted-to.pdf used on inpu
t line 158.
(pdftex.def)             Requested size: 211.3883pt x 160.34953pt.
Package epstopdf Info: Source file: <lr_provided_start_1.eps>
(epstopdf)                    date: 2015-02-01 14:01:37
(epstopdf)                    size: 101938 bytes
(epstopdf)             Output file: <lr_provided_start_1-eps-converted-to.pdf>
(epstopdf)                    date: 2015-02-01 14:02:40
(epstopdf)                    size: 20489 bytes
(epstopdf)             Command: <epstopdf --outfile=lr_provided_start_1-eps-con
verted-to.pdf lr_provided_start_1.eps>
(epstopdf)             \includegraphics on input line 164.
Package epstopdf Info: Output file is already uptodate.

<lr_provided_start_1-eps-converted-to.pdf, id=109, 877.2775pt x 665.48625pt>
File: lr_provided_start_1-eps-converted-to.pdf Graphic file (type pdf)

<use lr_provided_start_1-eps-converted-to.pdf>
Package pdftex.def Info: lr_provided_start_1-eps-converted-to.pdf used on input
 line 164.
(pdftex.def)             Requested size: 211.3883pt x 160.34953pt.
 [4 <C:/Dropbox/Baylor/MachineLearning/ass1/latex/lr_provided_start_001-eps-con
verted-to.pdf> <C:/Dropbox/Baylor/MachineLearning/ass1/latex/lr_provided_start_
01-eps-converted-to.pdf> <C:/Dropbox/Baylor/MachineLearning/ass1/latex/lr_provi
ded_start_1-eps-converted-to.pdf>]
Package epstopdf Info: Source file: <lr_provided_start_newton_2.eps>
(epstopdf)                    date: 2015-02-01 15:14:01
(epstopdf)                    size: 105551 bytes
(epstopdf)             Output file: <lr_provided_start_newton_2-eps-converted-t
o.pdf>
(epstopdf)                    date: 2015-02-01 15:15:27
(epstopdf)                    size: 21753 bytes
(epstopdf)             Command: <epstopdf --outfile=lr_provided_start_newton_2-
eps-converted-to.pdf lr_provided_start_newton_2.eps>
(epstopdf)             \includegraphics on input line 192.
Package epstopdf Info: Output file is already uptodate.

<lr_provided_start_newton_2-eps-converted-to.pdf, id=129, 877.2775pt x 665.4862
5pt>
File: lr_provided_start_newton_2-eps-converted-to.pdf Graphic file (type pdf)
 <use lr_provided_start_newton_2-eps-converted-to.pdf>
Package pdftex.def Info: lr_provided_start_newton_2-eps-converted-to.pdf used o
n input line 192.
(pdftex.def)             Requested size: 211.3883pt x 160.34953pt.
 [5 <C:/Dropbox/Baylor/MachineLearning/ass1/latex/lr_provided_start_newton_2-ep
s-converted-to.pdf>]
Package epstopdf Info: Source file: <testdataset_gd_start.eps>
(epstopdf)                    date: 2015-02-01 15:28:57
(epstopdf)                    size: 102330 bytes
(epstopdf)             Output file: <testdataset_gd_start-eps-converted-to.pdf>

(epstopdf)                    date: 2015-02-01 15:32:34
(epstopdf)                    size: 20274 bytes
(epstopdf)             Command: <epstopdf --outfile=testdataset_gd_start-eps-co
nverted-to.pdf testdataset_gd_start.eps>
(epstopdf)             \includegraphics on input line 218.
Package epstopdf Info: Output file is already uptodate.

<testdataset_gd_start-eps-converted-to.pdf, id=143, 877.2775pt x 665.48625pt>
File: testdataset_gd_start-eps-converted-to.pdf Graphic file (type pdf)

<use testdataset_gd_start-eps-converted-to.pdf>
Package pdftex.def Info: testdataset_gd_start-eps-converted-to.pdf used on inpu
t line 218.
(pdftex.def)             Requested size: 211.3883pt x 160.34953pt.
Package epstopdf Info: Source file: <testdataset_gd_end.eps>
(epstopdf)                    date: 2015-02-01 15:30:03
(epstopdf)                    size: 104572 bytes
(epstopdf)             Output file: <testdataset_gd_end-eps-converted-to.pdf>
(epstopdf)                    date: 2015-02-01 15:32:36
(epstopdf)                    size: 21606 bytes
(epstopdf)             Command: <epstopdf --outfile=testdataset_gd_end-eps-conv
erted-to.pdf testdataset_gd_end.eps>
(epstopdf)             \includegraphics on input line 224.
Package epstopdf Info: Output file is already uptodate.

<testdataset_gd_end-eps-converted-to.pdf, id=144, 877.2775pt x 665.48625pt>
File: testdataset_gd_end-eps-converted-to.pdf Graphic file (type pdf)

<use testdataset_gd_end-eps-converted-to.pdf>
Package pdftex.def Info: testdataset_gd_end-eps-converted-to.pdf used on input 
line 224.
(pdftex.def)             Requested size: 211.3883pt x 160.34953pt.
Package epstopdf Info: Source file: <testdataset_newton_start.eps>
(epstopdf)                    date: 2015-02-01 15:33:39
(epstopdf)                    size: 106783 bytes
(epstopdf)             Output file: <testdataset_newton_start-eps-converted-to.
pdf>
(epstopdf)                    date: 2015-02-01 15:35:01
(epstopdf)                    size: 21951 bytes
(epstopdf)             Command: <epstopdf --outfile=testdataset_newton_start-ep
s-converted-to.pdf testdataset_newton_start.eps>
(epstopdf)             \includegraphics on input line 235.
Package epstopdf Info: Output file is already uptodate.

<testdataset_newton_start-eps-converted-to.pdf, id=145, 877.2775pt x 665.48625p
t>
File: testdataset_newton_start-eps-converted-to.pdf Graphic file (type pdf)
 <use testdataset_newton_start-eps-converted-to.pdf>
Package pdftex.def Info: testdataset_newton_start-eps-converted-to.pdf used on 
input line 235.
(pdftex.def)             Requested size: 211.3883pt x 160.34953pt.
Package epstopdf Info: Source file: <testdataset_newton_end.eps>
(epstopdf)                    date: 2015-02-01 15:34:00
(epstopdf)                    size: 103090 bytes
(epstopdf)             Output file: <testdataset_newton_end-eps-converted-to.pd
f>
(epstopdf)                    date: 2015-02-01 15:35:02
(epstopdf)                    size: 21186 bytes
(epstopdf)             Command: <epstopdf --outfile=testdataset_newton_end-eps-
converted-to.pdf testdataset_newton_end.eps>
(epstopdf)             \includegraphics on input line 241.
Package epstopdf Info: Output file is already uptodate.

<testdataset_newton_end-eps-converted-to.pdf, id=146, 877.2775pt x 665.48625pt>
File: testdataset_newton_end-eps-converted-to.pdf Graphic file (type pdf)
<use testdataset_newton_end-eps-converted-to.pdf>
Package pdftex.def Info: testdataset_newton_end-eps-converted-to.pdf used on in
put line 241.
(pdftex.def)             Requested size: 211.3883pt x 160.34953pt.
 [6 <C:/Dropbox/Baylor/MachineLearning/ass1/latex/testdataset_gd_start-eps-conv
erted-to.pdf> <C:/Dropbox/Baylor/MachineLearning/ass1/latex/testdataset_gd_end-
eps-converted-to.pdf> <C:/Dropbox/Baylor/MachineLearning/ass1/latex/testdataset
_newton_start-eps-converted-to.pdf> <C:/Dropbox/Baylor/MachineLearning/ass1/lat
ex/testdataset_newton_end-eps-converted-to.pdf>]
Package epstopdf Info: Source file: <testdataset_no_accuracy_condition.eps>
(epstopdf)                    date: 2015-02-01 15:38:16
(epstopdf)                    size: 100731 bytes
(epstopdf)             Output file: <testdataset_no_accuracy_condition-eps-conv
erted-to.pdf>
(epstopdf)                    date: 2015-02-01 15:40:28
(epstopdf)                    size: 20753 bytes
(epstopdf)             Command: <epstopdf --outfile=testdataset_no_accuracy_con
dition-eps-converted-to.pdf testdataset_no_accuracy_condition.eps>
(epstopdf)             \includegraphics on input line 254.
Package epstopdf Info: Output file is already uptodate.

<testdataset_no_accuracy_condition-eps-converted-to.pdf, id=179, 877.2775pt x 6
65.48625pt>
File: testdataset_no_accuracy_condition-eps-converted-to.pdf Graphic file (type
 pdf)
 <use testdataset_no_accuracy_condition-eps-converted-to.pdf>
Package pdftex.def Info: testdataset_no_accuracy_condition-eps-converted-to.pdf
 used on input line 254.
(pdftex.def)             Requested size: 211.3883pt x 160.34953pt.

[7 <C:/Dropbox/Baylor/MachineLearning/ass1/latex/testdataset_no_accuracy_condit
ion-eps-converted-to.pdf>] [8]
Package atveryend Info: Empty hook `BeforeClearDocument' on input line 326.
 [9]
Package atveryend Info: Empty hook `AfterLastShipout' on input line 326.

(C:\Dropbox\Baylor\MachineLearning\ass1\latex\salo.aux)
Package atveryend Info: Executing hook `AtVeryEndDocument' on input line 326.
Package atveryend Info: Executing hook `AtEndAfterFileList' on input line 326.
Package rerunfilecheck Info: File `salo.out' has not changed.
(rerunfilecheck)             Checksum: 7C4247B79C76C44761E72D07427018C9;760.


LaTeX Warning: There were multiply-defined labels.

Package atveryend Info: Empty hook `AtVeryVeryEnd' on input line 326.
 ) 
Here is how much of TeX's memory you used:
 9330 strings out of 493921
 138886 string characters out of 3147285
 224178 words of memory out of 3000000
 12464 multiletter control sequences out of 15000+200000
 13254 words of font info for 52 fonts, out of 3000000 for 9000
 841 hyphenation exceptions out of 8191
 36i,9n,42p,330b,1030s stack positions out of 5000i,500n,10000p,200000b,50000s
<C:/Program Files/MiKTeX 2.9/fonts/type1/public/amsfonts/cm/cmbx12.pfb><C:/Pr
ogram Files/MiKTeX 2.9/fonts/type1/public/amsfonts/cm/cmex10.pfb><C:/Program Fi
les/MiKTeX 2.9/fonts/type1/public/amsfonts/cm/cmmi10.pfb><C:/Program Files/MiKT
eX 2.9/fonts/type1/public/amsfonts/cm/cmmi7.pfb><C:/Program Files/MiKTeX 2.9/fo
nts/type1/public/amsfonts/cm/cmmi9.pfb><C:/Program Files/MiKTeX 2.9/fonts/type1
/public/amsfonts/cm/cmr10.pfb><C:/Program Files/MiKTeX 2.9/fonts/type1/public/a
msfonts/cm/cmr12.pfb><C:/Program Files/MiKTeX 2.9/fonts/type1/public/amsfonts/c
m/cmr17.pfb><C:/Program Files/MiKTeX 2.9/fonts/type1/public/amsfonts/cm/cmr7.pf
b><C:/Program Files/MiKTeX 2.9/fonts/type1/public/amsfonts/cm/cmr9.pfb><C:/Prog
ram Files/MiKTeX 2.9/fonts/type1/public/amsfonts/cm/cmsy10.pfb><C:/Program File
s/MiKTeX 2.9/fonts/type1/public/amsfonts/cm/cmsy7.pfb><C:/Program Files/MiKTeX 
2.9/fonts/type1/public/amsfonts/cm/cmti10.pfb><C:/Program Files/MiKTeX 2.9/font
s/type1/public/amsfonts/cm/cmtt10.pfb>
Output written on salo.pdf (9 pages, 437282 bytes).
PDF statistics:
 259 PDF objects out of 1000 (max. 8388607)
 48 named destinations out of 1000 (max. 500000)
 159 words of extra memory for PDF output out of 10000 (max. 10000000)

